<?xml version="1.0" encoding="UTF-8"?>
<testsuite name="cleanTest.CreateTaskWhenDoTest" tests="1" skipped="0" failures="0" errors="0" timestamp="2022-10-17T03:32:39" hostname="DESKTOP-0SUNJO7" time="42.025">
  <properties/>
  <testcase name="verifyCreateNewForm()" classname="cleanTest.CreateTaskWhenDoTest" time="42.025"/>
  <system-out><![CDATA[]]></system-out>
  <system-err><![CDATA[oct. 16, 2022 11:33:03 P. M. io.appium.java_client.remote.AppiumCommandExecutor$1 lambda$0
INFO: Detected dialect: OSS
]]></system-err>
</testsuite>
